{"level":"info","message":"","timestamp":"2016-03-22T13:33:46.628Z"}
{"message":"Servidor TK102 rodando em: localhost:16000","level":"info","timestamp":"2016-03-22T13:34:15.153Z"}
{"message":"Servidor TK102 rodando em: localhost:16000","level":"info","timestamp":"2016-03-22T13:34:33.837Z"}
{"message":"Servidor TK102 rodando em: localhost:16000","level":"info","timestamp":"2016-03-22T13:34:35.760Z"}
{"message":"Servidor TK102 rodando em: localhost:16000","level":"info","timestamp":"2016-03-22T13:34:50.830Z"}
{"message":"Servidor TK102 rodando em: localhost:16000","level":"info","timestamp":"2016-03-22T13:37:02.600Z"}
{"message":"Servidor TK102 rodando em: localhost:16000","level":"info","timestamp":"2016-03-22T13:37:14.078Z"}
{"message":"Servidor TK102 rodando em: localhost:16000","level":"info","timestamp":"2016-03-22T13:37:25.986Z"}
{"level":"info","message":"","timestamp":"2016-03-22T13:37:26.346Z"}
{"message":"Servidor TK102 rodando em: localhost:16000","level":"info","timestamp":"2016-03-22T13:37:29.174Z"}
{"level":"info","message":"","timestamp":"2016-03-22T13:37:29.784Z"}
{"message":"Servidor TK102 rodando em: localhost:16000","level":"info","timestamp":"2016-03-22T13:37:34.749Z"}
{"message":"Servidor TK102 rodando em: localhost:16000","level":"info","timestamp":"2016-03-22T13:37:46.200Z"}
{"message":"","level":"info","timestamp":"2016-03-22T13:37:46.622Z"}
{"message":"Servidor TK102 rodando em: localhost:16000","level":"info","timestamp":"2016-03-22T13:40:50.087Z"}
{"message":"O seguinte endereço: localhost:16000","level":"info","timestamp":"2016-03-22T13:40:50.384Z"}
{"message":"Servidor TK102 rodando em: localhost:16000","level":"info","timestamp":"2016-03-22T13:41:01.017Z"}
{"message":"O seguinte endereço: localhost:16000 encontra-se ocupado","level":"info","timestamp":"2016-03-22T13:41:01.189Z"}
{"message":"Servidor TK102 rodando em: localhost:16000","level":"info","timestamp":"2016-03-22T13:41:02.924Z"}
{"message":"O seguinte endereço: localhost:16000 encontra-se ocupado.","level":"info","timestamp":"2016-03-22T13:41:03.002Z"}
{"message":"O seguinte endereço: localhost:16000 encontra-se ocupado.","level":"info","timestamp":"2016-03-22T13:41:11.897Z"}
{"message":"Servidor TK102 rodando em: localhost:16000","level":"info","timestamp":"2016-03-22T13:41:21.115Z"}
{"message":"O seguinte endereço: localhost:16000 encontra-se ocupado.","level":"error","timestamp":"2016-03-22T13:41:21.475Z"}
{"message":"Servidor TK102 rodando em: localhost:16000","level":"info","timestamp":"2016-03-22T13:41:37.358Z"}
{"message":"O seguinte endereço: localhost:16000 encontra-se ocupado.","level":"warn","timestamp":"2016-03-22T13:41:37.484Z"}
{"message":"Servidor TK102 rodando em: localhost:16000","level":"info","timestamp":"2016-03-22T13:42:10.354Z"}
{"message":"O seguinte endereço: localhost:16000 encontra-se ocupado.","level":"warn","timestamp":"2016-03-22T13:42:10.666Z"}
{"message":"Servidor TK102 rodando em: localhost:16000","level":"info","timestamp":"2016-03-22T13:42:18.797Z"}
{"message":"O seguinte endereço: localhost:16000 encontra-se ocupado.","level":"warn","timestamp":"2016-03-22T13:42:19.141Z"}
{"message":"Servidor TK102 rodando em: localhost:16000","level":"info","timestamp":"2016-03-22T13:44:44.705Z"}
{"message":"O seguinte endereço: localhost:16000 encontra-se ocupado.","level":"warn","timestamp":"2016-03-22T13:44:45.144Z"}
{"message":"Servidor TK102 rodando em: localhost:16000","level":"info","timestamp":"2016-03-22T13:44:54.281Z"}
{"message":"O seguinte endereço: localhost:16000 encontra-se ocupado.","level":"warn","timestamp":"2016-03-22T13:44:54.532Z"}
{"message":"Servidor TK102 rodando em: localhost:16000","level":"info","timestamp":"2016-03-22T13:44:57.735Z"}
{"message":"O seguinte endereço: localhost:16000 encontra-se ocupado.","level":"warn","timestamp":"2016-03-22T13:44:58.157Z"}
{"message":"O seguinte endereço: localhost:16000 encontra-se ocupado.","level":"warn","timestamp":"2016-03-22T13:47:34.388Z"}
{"message":"Servidor TK102 rodando em: localhost:16000","level":"info","timestamp":"2016-03-22T13:47:34.810Z"}
{"message":"Servidor TK102 rodando em: localhost:16000","level":"info","timestamp":"2016-03-22T13:47:40.341Z"}
{"message":"O seguinte endereço: localhost:16000 encontra-se ocupado.","level":"warn","timestamp":"2016-03-22T13:47:40.591Z"}
{"message":"Servidor TK102 rodando em: localhost:16000","level":"info","timestamp":"2016-03-22T13:48:11.859Z"}
{"message":"O seguinte endereço: localhost:16000 encontra-se ocupado.","level":"warn","timestamp":"2016-03-22T13:48:12.125Z"}
{"message":"Servidor TK102 rodando em: localhost:16000","level":"info","timestamp":"2016-03-22T13:48:14.749Z"}
{"message":"O seguinte endereço: localhost:16000 encontra-se ocupado.","level":"warn","timestamp":"2016-03-22T13:48:14.922Z"}
{"message":"Servidor TK102 rodando em: localhost:16000","level":"info","timestamp":"2016-03-22T13:48:16.169Z"}
{"message":"O seguinte endereço: localhost:16000 encontra-se ocupado.","level":"warn","timestamp":"2016-03-22T13:48:16.222Z"}
{"message":"Servidor TK102 rodando em: localhost:16000","level":"info","timestamp":"2016-03-22T13:48:18.213Z"}
{"message":"O seguinte endereço: localhost:16000 encontra-se ocupado.","level":"warn","timestamp":"2016-03-22T13:48:18.713Z"}
{"message":"Servidor TK102 rodando em: localhost:16000","level":"info","timestamp":"2016-03-22T13:48:51.251Z"}
{"message":"O seguinte endereço: localhost:16000 encontra-se ocupado.","level":"warn","timestamp":"2016-03-22T13:48:51.502Z"}
{"message":"Servidor TK102 rodando em: localhost:16000","level":"info","timestamp":"2016-03-22T13:49:00.866Z"}
{"message":"O seguinte endereço: localhost:16000 encontra-se ocupado.","level":"warn","timestamp":"2016-03-22T13:49:01.617Z"}
{"message":"Servidor TK102 rodando em: localhost:16000","level":"info","timestamp":"2016-03-22T13:50:03.055Z"}
{"message":"O seguinte endereço: localhost:16000 encontra-se ocupado.","level":"warn","timestamp":"2016-03-22T13:50:03.400Z"}
{"message":"Servidor TK102 rodando em: localhost:16000","level":"info","timestamp":"2016-03-22T13:50:07.024Z"}
{"message":"O seguinte endereço: localhost:16000 encontra-se ocupado.","level":"warn","timestamp":"2016-03-22T13:50:07.212Z"}
{"message":"Servidor TK102 rodando em: localhost:16000","level":"info","timestamp":"2016-03-22T13:50:25.577Z"}
{"message":"O seguinte endereço: localhost:16000 encontra-se ocupado.","level":"warn","timestamp":"2016-03-22T13:50:25.857Z"}
{"message":"O seguinte endereço: localhost:16000 encontra-se ocupado.","level":"warn","timestamp":"2016-03-22T13:55:52.351Z"}
{"message":"Servidor TK102 rodando em: localhost:16000","level":"info","timestamp":"2016-03-22T13:55:52.815Z"}
{"message":"Servidor TK102 rodando em: localhost:16000","level":"info","timestamp":"2016-03-22T13:56:05.616Z"}
{"message":"O seguinte endereço: localhost:16000 encontra-se ocupado.","level":"warn","timestamp":"2016-03-22T13:56:05.943Z"}
{"message":"Servidor TK102 rodando em: localhost:16000","level":"info","timestamp":"2016-03-22T13:56:10.944Z"}
{"message":"O seguinte endereço: localhost:16000 encontra-se ocupado.","level":"warn","timestamp":"2016-03-22T13:56:10.959Z"}
{"message":"Servidor TK102 rodando em: localhost:16000","level":"info","timestamp":"2016-03-22T13:56:12.225Z"}
{"message":"O seguinte endereço: localhost:16000 encontra-se ocupado.","level":"warn","timestamp":"2016-03-22T13:56:12.288Z"}
{"message":"Servidor TK102 rodando em: localhost:16000","level":"info","timestamp":"2016-03-22T13:56:13.038Z"}
{"message":"O seguinte endereço: localhost:16000 encontra-se ocupado.","level":"warn","timestamp":"2016-03-22T13:56:13.085Z"}
{"message":"Servidor TK102 rodando em: localhost:16000","level":"info","timestamp":"2016-03-22T13:57:19.606Z"}
{"message":"O seguinte endereço: localhost:16000 encontra-se ocupado.","level":"warn","timestamp":"2016-03-22T13:57:19.902Z"}
{"message":"Servidor TK102 rodando em: localhost:16000","level":"info","timestamp":"2016-03-22T13:57:29.572Z"}
{"message":"O seguinte endereço: localhost:16000 encontra-se ocupado.","level":"warn","timestamp":"2016-03-22T13:57:29.649Z"}
{"message":"Servidor TK102 rodando em: localhost:16000","level":"info","timestamp":"2016-03-22T13:57:35.162Z"}
{"message":"O seguinte endereço: localhost:16000 encontra-se ocupado.","level":"warn","timestamp":"2016-03-22T13:57:35.458Z"}
{"message":"Servidor TK102 rodando em: localhost:16000","level":"info","timestamp":"2016-03-22T13:57:44.698Z"}
{"message":"O seguinte endereço: localhost:16000 encontra-se ocupado.","level":"warn","timestamp":"2016-03-22T13:57:44.902Z"}
{"message":"Servidor TK102 rodando em: localhost:16000","level":"info","timestamp":"2016-03-22T13:57:55.106Z"}
{"message":"O seguinte endereço: localhost:16000 encontra-se ocupado.","level":"warn","timestamp":"2016-03-22T13:57:55.294Z"}
{"message":"Servidor TK102 rodando em: localhost:16000","level":"info","timestamp":"2016-03-22T14:01:53.050Z"}
{"message":"O seguinte endereço: localhost:16000 encontra-se ocupado.","level":"warn","timestamp":"2016-03-22T14:01:53.362Z"}
{"message":"Servidor TK102 rodando em: localhost:16000","level":"info","timestamp":"2016-03-22T14:23:48.277Z"}
{"message":"Servidor TK102 rodando em: localhost:16000","level":"info","timestamp":"2016-03-22T14:32:30.625Z"}
{"message":"Servidor TK102 rodando em: localhost:16000","level":"info","timestamp":"2016-03-22T14:32:32.985Z"}
{"message":"Servidor TK102 rodando em: localhost:16000","level":"info","timestamp":"2016-03-22T14:37:58.522Z"}
{"message":"Servidor TK102 rodando em: localhost:16000","level":"info","timestamp":"2016-03-22T14:42:00.383Z"}
