{"message":"imei:868683020094227,tracker,160429110538,,F,140535.000,A,1642.3757,S,04918.6852,W,0.00,0;","dataHora":"2016-04-29 11:05:37","level":"warn","timestamp":"2016-04-29T14:05:37.117Z"}
{"message":"868683020094227;","dataHora":"2016-04-29 11:05:46","level":"warn","timestamp":"2016-04-29T14:05:46.457Z"}
{"message":"imei:868683020094227,tracker,160429110608,,F,140606.000,A,1642.3757,S,04918.6852,W,0.00,0;","dataHora":"2016-04-29 11:06:07","level":"warn","timestamp":"2016-04-29T14:06:07.118Z"}
{"message":"imei:868683020094227,tracker,160429110638,,F,140635.000,A,1642.3757,S,04918.6852,W,0.00,0;","dataHora":"2016-04-29 11:06:37","level":"warn","timestamp":"2016-04-29T14:06:37.142Z"}
{"message":"868683020094227;","dataHora":"2016-04-29 11:06:46","level":"warn","timestamp":"2016-04-29T14:06:46.458Z"}
{"message":"imei:868683020094227,tracker,160429110708,,F,140706.000,A,1642.3757,S,04918.6852,W,0.00,0;","dataHora":"2016-04-29 11:07:07","level":"warn","timestamp":"2016-04-29T14:07:07.160Z"}
{"message":"imei:868683020094227,tracker,160429110738,,F,140734.000,A,1642.3757,S,04918.6852,W,0.00,0;","dataHora":"2016-04-29 11:07:37","level":"warn","timestamp":"2016-04-29T14:07:37.176Z"}
{"message":"868683020094227;","dataHora":"2016-04-29 11:07:46","level":"warn","timestamp":"2016-04-29T14:07:46.459Z"}
{"message":"imei:868683020094227,tracker,160429110808,,F,140806.000,A,1642.3757,S,04918.6852,W,0.00,0;","dataHora":"2016-04-29 11:08:07","level":"warn","timestamp":"2016-04-29T14:08:07.180Z"}
{"message":"imei:868683020094227,tracker,160429110838,,F,140834.000,A,1642.3757,S,04918.6852,W,0.00,0;","dataHora":"2016-04-29 11:08:37","level":"warn","timestamp":"2016-04-29T14:08:37.198Z"}
{"message":"868683020094227;","dataHora":"2016-04-29 11:08:46","level":"warn","timestamp":"2016-04-29T14:08:46.496Z"}
{"message":"imei:868683020094227,tracker,160429110908,,F,140905.000,A,1642.3757,S,04918.6852,W,0.00,0;","dataHora":"2016-04-29 11:09:07","level":"warn","timestamp":"2016-04-29T14:09:07.219Z"}
{"message":"imei:868683020094227,tracker,160429110938,,F,140934.000,A,1642.3757,S,04918.6852,W,0.00,0;","dataHora":"2016-04-29 11:09:37","level":"warn","timestamp":"2016-04-29T14:09:37.198Z"}
{"message":"868683020094227;","dataHora":"2016-04-29 11:09:46","level":"warn","timestamp":"2016-04-29T14:09:46.517Z"}
{"message":"imei:868683020094227,tracker,160429111008,,F,141004.000,A,1642.3757,S,04918.6852,W,0.00,0;","dataHora":"2016-04-29 11:10:07","level":"warn","timestamp":"2016-04-29T14:10:07.217Z"}
{"message":"imei:868683020094227,tracker,160429111038,,F,141035.000,A,1642.3757,S,04918.6852,W,0.00,0;","dataHora":"2016-04-29 11:10:37","level":"warn","timestamp":"2016-04-29T14:10:37.239Z"}
{"message":"868683020094227;","dataHora":"2016-04-29 11:10:46","level":"warn","timestamp":"2016-04-29T14:10:46.501Z"}
{"message":"imei:868683020094227,tracker,160429111108,,F,141104.000,A,1642.3757,S,04918.6852,W,0.00,0;","dataHora":"2016-04-29 11:11:07","level":"warn","timestamp":"2016-04-29T14:11:07.219Z"}
{"message":"imei:868683020094227,tracker,160429111138,,F,141136.000,A,1642.3757,S,04918.6852,W,0.00,0;","dataHora":"2016-04-29 11:11:37","level":"warn","timestamp":"2016-04-29T14:11:37.256Z"}
{"message":"868683020094227;","dataHora":"2016-04-29 11:11:46","level":"warn","timestamp":"2016-04-29T14:11:46.475Z"}
{"message":"imei:868683020094227,tracker,160429111208,,F,141205.000,A,1642.3757,S,04918.6852,W,0.00,0;","dataHora":"2016-04-29 11:12:07","level":"warn","timestamp":"2016-04-29T14:12:07.015Z"}
{"message":"imei:868683020094227,tracker,160429111238,,F,141236.000,A,1642.3757,S,04918.6852,W,0.00,0;","dataHora":"2016-04-29 11:12:37","level":"warn","timestamp":"2016-04-29T14:12:37.295Z"}
{"message":"868683020094227;","dataHora":"2016-04-29 11:12:46","level":"warn","timestamp":"2016-04-29T14:12:46.558Z"}
{"message":"imei:868683020094227,tracker,160429111308,,F,141304.000,A,1642.3757,S,04918.6852,W,0.00,0;","dataHora":"2016-04-29 11:13:07","level":"warn","timestamp":"2016-04-29T14:13:07.317Z"}
{"message":"imei:868683020094227,tracker,160429111338,,F,141336.000,A,1642.3757,S,04918.6852,W,0.00,0;","dataHora":"2016-04-29 11:13:37","level":"warn","timestamp":"2016-04-29T14:13:37.305Z"}
{"message":"868683020094227;","dataHora":"2016-04-29 11:13:46","level":"warn","timestamp":"2016-04-29T14:13:46.509Z"}
{"message":"imei:868683020094227,tracker,160429111408,,F,141405.000,A,1642.3757,S,04918.6852,W,0.00,0;","dataHora":"2016-04-29 11:14:08","level":"warn","timestamp":"2016-04-29T14:14:08.356Z"}
{"message":"imei:868683020094227,tracker,160429111438,,F,141436.000,A,1642.3757,S,04918.6852,W,0.00,0;","dataHora":"2016-04-29 11:14:37","level":"warn","timestamp":"2016-04-29T14:14:37.335Z"}
{"message":"868683020094227;","dataHora":"2016-04-29 11:14:46","level":"warn","timestamp":"2016-04-29T14:14:46.515Z"}
{"message":"imei:868683020094227,tracker,160429111508,,F,141505.000,A,1642.3757,S,04918.6852,W,0.00,0;","dataHora":"2016-04-29 11:15:07","level":"warn","timestamp":"2016-04-29T14:15:07.315Z"}
{"message":"imei:868683020094227,tracker,160429111538,,F,141535.000,A,1642.3757,S,04918.6852,W,0.00,0;","dataHora":"2016-04-29 11:15:37","level":"warn","timestamp":"2016-04-29T14:15:37.333Z"}
{"message":"868683020094227;","dataHora":"2016-04-29 11:15:46","level":"warn","timestamp":"2016-04-29T14:15:46.511Z"}
{"message":"imei:868683020094227,tracker,160429111608,,F,141606.000,A,1642.3757,S,04918.6852,W,0.00,0;","dataHora":"2016-04-29 11:16:07","level":"warn","timestamp":"2016-04-29T14:16:07.352Z"}
{"message":"imei:868683020094227,tracker,160429111638,,F,141635.000,A,1642.3757,S,04918.6852,W,0.00,0;","dataHora":"2016-04-29 11:16:37","level":"warn","timestamp":"2016-04-29T14:16:37.353Z"}
{"message":"868683020094227;","dataHora":"2016-04-29 11:16:46","level":"warn","timestamp":"2016-04-29T14:16:46.513Z"}
{"message":"imei:868683020094227,tracker,160429111709,,F,141705.000,A,1642.3757,S,04918.6852,W,0.00,0;","dataHora":"2016-04-29 11:17:07","level":"warn","timestamp":"2016-04-29T14:17:07.513Z"}
{"message":"imei:868683020094227,tracker,160429111739,,F,141735.000,A,1642.3757,S,04918.6852,W,0.00,0;","dataHora":"2016-04-29 11:17:37","level":"warn","timestamp":"2016-04-29T14:17:37.410Z"}
{"message":"868683020094227;","dataHora":"2016-04-29 11:17:46","level":"warn","timestamp":"2016-04-29T14:17:46.530Z"}
{"message":"imei:868683020094227,tracker,160429111809,,F,141806.000,A,1642.3757,S,04918.6852,W,0.00,0;","dataHora":"2016-04-29 11:18:07","level":"warn","timestamp":"2016-04-29T14:18:07.410Z"}
{"message":"imei:868683020094227,tracker,160429111839,,F,141835.000,A,1642.3757,S,04918.6852,W,0.00,0;","dataHora":"2016-04-29 11:18:37","level":"warn","timestamp":"2016-04-29T14:18:37.412Z"}
{"message":"868683020094227;","dataHora":"2016-04-29 11:18:46","level":"warn","timestamp":"2016-04-29T14:18:46.532Z"}
{"message":"imei:868683020094227,tracker,160429111909,,F,141906.000,A,1642.3757,S,04918.6852,W,0.00,0;","dataHora":"2016-04-29 11:19:07","level":"warn","timestamp":"2016-04-29T14:19:07.411Z"}
{"message":"imei:868683020094227,tracker,160429111939,,F,141936.000,A,1642.3757,S,04918.6852,W,0.00,0;","dataHora":"2016-04-29 11:19:37","level":"warn","timestamp":"2016-04-29T14:19:37.513Z"}
{"message":"868683020094227;","dataHora":"2016-04-29 11:19:46","level":"warn","timestamp":"2016-04-29T14:19:46.569Z"}
{"message":"imei:868683020094227,tracker,160429112009,,F,142006.000,A,1642.3757,S,04918.6852,W,0.00,0;","dataHora":"2016-04-29 11:20:07","level":"warn","timestamp":"2016-04-29T14:20:07.432Z"}
{"message":"imei:868683020094227,tracker,160429112039,,F,142035.000,A,1642.3757,S,04918.6852,W,0.00,0;","dataHora":"2016-04-29 11:20:37","level":"warn","timestamp":"2016-04-29T14:20:37.451Z"}
{"message":"868683020094227;","dataHora":"2016-04-29 11:20:46","level":"warn","timestamp":"2016-04-29T14:20:46.549Z"}
{"message":"imei:868683020094227,acc off,160429112052,,F,142049.000,A,1642.3757,S,04918.6852,W,0.00,0;","dataHora":"2016-04-29 11:20:50","level":"warn","timestamp":"2016-04-29T14:20:50.509Z"}
{"message":"imei:868683020094227,tracker,160429112109,,F,142106.000,A,1642.3757,S,04918.6852,W,0.00,0;","dataHora":"2016-04-29 11:21:07","level":"warn","timestamp":"2016-04-29T14:21:07.470Z"}
{"message":"imei:868683020094227,tracker,160429112139,,F,142136.000,A,1642.3757,S,04918.6852,W,0.00,0;","dataHora":"2016-04-29 11:21:37","level":"warn","timestamp":"2016-04-29T14:21:37.471Z"}
{"message":"imei:868683020094227,tracker,160429112142,,F,142139.000,A,1642.3783,S,04918.6771,W,2.83,86.73;","dataHora":"2016-04-29 11:21:40","level":"warn","timestamp":"2016-04-29T14:21:40.930Z"}
{"message":"868683020094227;","dataHora":"2016-04-29 11:21:46","level":"warn","timestamp":"2016-04-29T14:21:46.566Z"}
{"message":"imei:868683020094227,tracker,160429112157,,F,142154.000,A,1642.3772,S,04918.6769,W,2.79,291.32;","dataHora":"2016-04-29 11:21:55","level":"warn","timestamp":"2016-04-29T14:21:55.586Z"}
{"message":"imei:868683020094227,tracker,160429112209,,F,142206.000,A,1642.3772,S,04918.6773,W,0.00,0;","dataHora":"2016-04-29 11:22:07","level":"warn","timestamp":"2016-04-29T14:22:07.490Z"}
{"message":"imei:868683020094227,tracker,160429112239,,F,142236.000,A,1642.3772,S,04918.6773,W,0.00,0;","dataHora":"2016-04-29 11:22:37","level":"warn","timestamp":"2016-04-29T14:22:37.531Z"}
{"message":"868683020094227;","dataHora":"2016-04-29 11:22:46","level":"warn","timestamp":"2016-04-29T14:22:46.567Z"}
{"message":"imei:868683020094227,ac alarm,160429112251,,F,142247.000,A,1642.3772,S,04918.6773,W,0.00,0;","dataHora":"2016-04-29 11:22:49","level":"warn","timestamp":"2016-04-29T14:22:49.449Z"}
{"message":"imei:868683020094227,tracker,160429112309,,F,142306.000,A,1642.3772,S,04918.6773,W,0.00,0;","dataHora":"2016-04-29 11:23:07","level":"warn","timestamp":"2016-04-29T14:23:07.528Z"}
{"message":"imei:868683020094227,tracker,160429112339,,L,,,1ce,,19d,,,;","dataHora":"2016-04-29 11:23:37","level":"warn","timestamp":"2016-04-29T14:23:37.565Z"}
{"message":"868683020094227;","dataHora":"2016-04-29 11:23:46","level":"warn","timestamp":"2016-04-29T14:23:46.564Z"}
